[Preprocessing] Total Trajs: 1665438
[Preprocessing] Convert the given area into a grid map...
[Preprocessing] User-defined Longtitude Range: [-9.0, -7.9], Latitude Range: [40.7, 41.8]
[Preprocessing] Grid Delta: 0.001
[Preprocessing] OUTPUT -> X Index Range: 0-1099, Y Index Range: 0-1099;  Grid Size: 1100 * 1100
[Preprocessing] OUTPUT -> Gird Index of Right Bottom : (1099, 1099, 1209999)
--------------------------------------------------
[Preprocessing] Convert the trajectory into a squeezed grid sequence...
[Preprocessing] Processed 0 trajs
[Preprocessing] Processed 10000 trajs
[Preprocessing] Processed 20000 trajs
[Preprocessing] Processed 30000 trajs
[Preprocessing] Processed 40000 trajs
[Preprocessing] Processed 50000 trajs
[Preprocessing] Processed 60000 trajs
[Preprocessing] Processed 70000 trajs
[Preprocessing] Processed 80000 trajs
[Preprocessing] Processed 90000 trajs
[Preprocessing] Processed 100000 trajs
[Preprocessing] Processed 110000 trajs
[Preprocessing] Processed 120000 trajs
[Preprocessing] Processed 130000 trajs
[Preprocessing] Processed 140000 trajs
[Preprocessing] Processed 150000 trajs
[Preprocessing] Processed 160000 trajs
[Preprocessing] Processed 170000 trajs
[Preprocessing] Processed 180000 trajs
[Preprocessing] Processed 190000 trajs
[Preprocessing] Processed 200000 trajs
[Preprocessing] Processed 210000 trajs
[Preprocessing] Processed 220000 trajs
[Preprocessing] Processed 230000 trajs
[Preprocessing] Processed 240000 trajs
[Preprocessing] Processed 250000 trajs
[Preprocessing] Processed 260000 trajs
[Preprocessing] Processed 270000 trajs
[Preprocessing] Processed 280000 trajs
[Preprocessing] Processed 290000 trajs
[Preprocessing] Processed 300000 trajs
[Preprocessing] Processed 310000 trajs
[Preprocessing] Processed 320000 trajs
[Preprocessing] Processed 330000 trajs
[Preprocessing] Processed 340000 trajs
[Preprocessing] Processed 350000 trajs
[Preprocessing] Processed 360000 trajs
[Preprocessing] Processed 370000 trajs
[Preprocessing] Processed 380000 trajs
[Preprocessing] Processed 390000 trajs
[Preprocessing] Processed 400000 trajs
[Preprocessing] Processed 410000 trajs
[Preprocessing] Processed 420000 trajs
[Preprocessing] Processed 430000 trajs
[Preprocessing] Processed 440000 trajs
[Preprocessing] Processed 450000 trajs
[Preprocessing] Processed 460000 trajs
[Preprocessing] Processed 470000 trajs
[Preprocessing] Processed 480000 trajs
[Preprocessing] Processed 490000 trajs
[Preprocessing] Processed 500000 trajs
[Preprocessing] Processed 510000 trajs
[Preprocessing] Processed 520000 trajs
[Preprocessing] Processed 530000 trajs
[Preprocessing] Processed 540000 trajs
[Preprocessing] Processed 550000 trajs
[Preprocessing] Processed 560000 trajs
[Preprocessing] Processed 570000 trajs
[Preprocessing] Processed 580000 trajs
[Preprocessing] Processed 590000 trajs
[Preprocessing] Processed 600000 trajs
[Preprocessing] Processed 610000 trajs
[Preprocessing] Processed 620000 trajs
[Preprocessing] Processed 630000 trajs
[Preprocessing] Processed 640000 trajs
[Preprocessing] Processed 650000 trajs
[Preprocessing] Processed 660000 trajs
[Preprocessing] Processed 670000 trajs
[Preprocessing] Processed 680000 trajs
[Preprocessing] Processed 690000 trajs
[Preprocessing] Processed 700000 trajs
[Preprocessing] Processed 710000 trajs
[Preprocessing] Processed 720000 trajs
[Preprocessing] Processed 730000 trajs
[Preprocessing] Processed 740000 trajs
[Preprocessing] Processed 750000 trajs
[Preprocessing] Processed 760000 trajs
[Preprocessing] Processed 770000 trajs
[Preprocessing] Processed 780000 trajs
[Preprocessing] Processed 790000 trajs
[Preprocessing] Processed 800000 trajs
[Preprocessing] Processed 810000 trajs
[Preprocessing] Processed 820000 trajs
[Preprocessing] Processed 830000 trajs
[Preprocessing] Processed 840000 trajs
[Preprocessing] Processed 850000 trajs
[Preprocessing] Processed 860000 trajs
[Preprocessing] Processed 870000 trajs
[Preprocessing] Processed 880000 trajs
[Preprocessing] Processed 890000 trajs
[Preprocessing] Processed 900000 trajs
[Preprocessing] Processed 910000 trajs
[Preprocessing] Processed 920000 trajs
[Preprocessing] Processed 930000 trajs
[Preprocessing] Processed 940000 trajs
[Preprocessing] Processed 950000 trajs
[Preprocessing] Processed 960000 trajs
[Preprocessing] Processed 970000 trajs
[Preprocessing] Processed 980000 trajs
[Preprocessing] Processed 990000 trajs
[Preprocessing] Processed 1000000 trajs
[Preprocessing] Processed 1010000 trajs
[Preprocessing] Processed 1020000 trajs
[Preprocessing] Processed 1030000 trajs
[Preprocessing] Processed 1040000 trajs
[Preprocessing] Processed 1050000 trajs
[Preprocessing] Processed 1060000 trajs
[Preprocessing] Processed 1070000 trajs
[Preprocessing] Processed 1080000 trajs
[Preprocessing] Processed 1090000 trajs
[Preprocessing] Processed 1100000 trajs
[Preprocessing] Processed 1110000 trajs
[Preprocessing] Processed 1120000 trajs
[Preprocessing] Processed 1130000 trajs
[Preprocessing] Processed 1140000 trajs
[Preprocessing] Processed 1150000 trajs
[Preprocessing] Processed 1160000 trajs
[Preprocessing] Processed 1170000 trajs
[Preprocessing] Processed 1180000 trajs
[Preprocessing] Processed 1190000 trajs
[Preprocessing] Processed 1200000 trajs
[Preprocessing] Processed 1210000 trajs
[Preprocessing] Processed 1220000 trajs
[Preprocessing] Processed 1230000 trajs
[Preprocessing] Processed 1240000 trajs
[Preprocessing] Processed 1250000 trajs
[Preprocessing] Processed 1260000 trajs
[Preprocessing] Processed 1270000 trajs
[Preprocessing] Processed 1280000 trajs
[Preprocessing] Processed 1290000 trajs
[Preprocessing] Processed 1300000 trajs
[Preprocessing] Processed 1310000 trajs
[Preprocessing] Processed 1320000 trajs
[Preprocessing] Processed 1330000 trajs
[Preprocessing] Processed 1340000 trajs
[Preprocessing] Processed 1350000 trajs
[Preprocessing] Processed 1360000 trajs
[Preprocessing] Processed 1370000 trajs
[Preprocessing] Processed 1380000 trajs
[Preprocessing] Processed 1390000 trajs
[Preprocessing] Processed 1400000 trajs
[Preprocessing] Processed 1410000 trajs
[Preprocessing] Processed 1420000 trajs
[Preprocessing] Processed 1430000 trajs
[Preprocessing] Processed 1440000 trajs
[Preprocessing] Processed 1450000 trajs
[Preprocessing] Processed 1460000 trajs
[Preprocessing] Processed 1470000 trajs
[Preprocessing] Processed 1480000 trajs
[Preprocessing] Processed 1490000 trajs
[Preprocessing] Processed 1500000 trajs
[Preprocessing] Processed 1510000 trajs
[Preprocessing] Processed 1520000 trajs
[Preprocessing] Processed 1530000 trajs
[Preprocessing] Processed 1540000 trajs
[Preprocessing] Processed 1550000 trajs
[Preprocessing] Processed 1560000 trajs
[Preprocessing] Processed 1570000 trajs
[Preprocessing] Processed 1580000 trajs
[Preprocessing] Processed 1590000 trajs
[Preprocessing] Processed 1600000 trajs
[Preprocessing] Processed 1610000 trajs
[Preprocessing] Processed 1620000 trajs
[Preprocessing] Processed 1630000 trajs
[Preprocessing] Processed 1640000 trajs
[Preprocessing] Processed 1650000 trajs
[Preprocessing] Processed 1660000 trajs
[Preprocessing] Grid Mapping Completed!
[Preprocessing] Start to filter the trajectories by length...
[Preprocessing] Min Length: 10, Max Length: 200
[Preprocessing] Trajs Num after Length Filtering:  599632
[Preprocessing] Average trajectory length: 50.19719761453692
[Preprocessing] Saved the processed data into ./porto_coord.pkl and ./porto_grid.pkl
